0::0006-0003::-------------------- Build resource: RESOURCE    Configuration: CONFIG --------------
0::0001-0003::Compiling for ARM-TARGET_L
0::0000-0003::AI_CO2CONVERT
0:C:\USERS\ANDREW\DESKTOP\STANDARDIZATION TESTING\STANDARDIZATION PHASE 1\CES_MPUOPT_WITHEXP_REV200\CONFIG\RESOURCE\AI_CO2CONVERT:0000-0003::AI_HUMCONVERT
0:C:\USERS\ANDREW\DESKTOP\STANDARDIZATION TESTING\STANDARDIZATION PHASE 1\CES_MPUOPT_WITHEXP_REV200\CONFIG\RESOURCE\AI_HUMCONVERT:0000-0003::AI_PRESSCONVERT
0:C:\USERS\ANDREW\DESKTOP\STANDARDIZATION TESTING\STANDARDIZATION PHASE 1\CES_MPUOPT_WITHEXP_REV200\CONFIG\RESOURCE\AI_PRESSCONVERT:0000-0003::AI_TEMPCONVERT
0:C:\USERS\ANDREW\DESKTOP\STANDARDIZATION TESTING\STANDARDIZATION PHASE 1\CES_MPUOPT_WITHEXP_REV200\CONFIG\RESOURCE\AI_TEMPCONVERT:0000-0003::AI_DEWPTCONVERT
0:C:\USERS\ANDREW\DESKTOP\STANDARDIZATION TESTING\STANDARDIZATION PHASE 1\CES_MPUOPT_WITHEXP_REV200\CONFIG\RESOURCE\AI_DEWPTCONVERT:0000-0003::AI_TEMPCONVERT_EXP
0:C:\USERS\ANDREW\DESKTOP\STANDARDIZATION TESTING\STANDARDIZATION PHASE 1\CES_MPUOPT_WITHEXP_REV200\CONFIG\RESOURCE\AI_TEMPCONVERT_EXP:0000-0003::AI_PRESSCONVERT_EXP
0:C:\USERS\ANDREW\DESKTOP\STANDARDIZATION TESTING\STANDARDIZATION PHASE 1\CES_MPUOPT_WITHEXP_REV200\CONFIG\RESOURCE\AI_PRESSCONVERT_EXP:0000-0003::AI_HUMCONVERT_EXP
0:C:\USERS\ANDREW\DESKTOP\STANDARDIZATION TESTING\STANDARDIZATION PHASE 1\CES_MPUOPT_WITHEXP_REV200\CONFIG\RESOURCE\AI_HUMCONVERT_EXP:0000-0003::AI_DEWPTCONVERT_EXP
0:C:\USERS\ANDREW\DESKTOP\STANDARDIZATION TESTING\STANDARDIZATION PHASE 1\CES_MPUOPT_WITHEXP_REV200\CONFIG\RESOURCE\AI_DEWPTCONVERT_EXP:0000-0003::AI_CO2CONVERT_EXP
0:C:\USERS\ANDREW\DESKTOP\STANDARDIZATION TESTING\STANDARDIZATION PHASE 1\CES_MPUOPT_WITHEXP_REV200\CONFIG\RESOURCE\AI_CO2CONVERT_EXP:0000-0003::AI_CURRENTCONVERT_EXP
0:C:\USERS\ANDREW\DESKTOP\STANDARDIZATION TESTING\STANDARDIZATION PHASE 1\CES_MPUOPT_WITHEXP_REV200\CONFIG\RESOURCE\AI_CURRENTCONVERT_EXP:0000-0003::AO_DIGCOMPCONV
0:C:\USERS\ANDREW\DESKTOP\STANDARDIZATION TESTING\STANDARDIZATION PHASE 1\CES_MPUOPT_WITHEXP_REV200\CONFIG\RESOURCE\AO_DIGCOMPCONV:0000-0003::AO_OADCONV
0:C:\USERS\ANDREW\DESKTOP\STANDARDIZATION TESTING\STANDARDIZATION PHASE 1\CES_MPUOPT_WITHEXP_REV200\CONFIG\RESOURCE\AO_OADCONV:0000-0003::AO_RADANDBADCONV
0:C:\USERS\ANDREW\DESKTOP\STANDARDIZATION TESTING\STANDARDIZATION PHASE 1\CES_MPUOPT_WITHEXP_REV200\CONFIG\RESOURCE\AO_RADANDBADCONV:0000-0003::AO_SUPPLYFANCONVERT
0:C:\USERS\ANDREW\DESKTOP\STANDARDIZATION TESTING\STANDARDIZATION PHASE 1\CES_MPUOPT_WITHEXP_REV200\CONFIG\RESOURCE\AO_SUPPLYFANCONVERT:0000-0003::BOOLSELECT
0:C:\USERS\ANDREW\DESKTOP\STANDARDIZATION TESTING\STANDARDIZATION PHASE 1\CES_MPUOPT_WITHEXP_REV200\CONFIG\RESOURCE\BOOLSELECT:0000-0003::BOOLSELECTINV
0:C:\USERS\ANDREW\DESKTOP\STANDARDIZATION TESTING\STANDARDIZATION PHASE 1\CES_MPUOPT_WITHEXP_REV200\CONFIG\RESOURCE\BOOLSELECTINV:0000-0003::CUTINOUTCUSTOM
0:C:\USERS\ANDREW\DESKTOP\STANDARDIZATION TESTING\STANDARDIZATION PHASE 1\CES_MPUOPT_WITHEXP_REV200\CONFIG\RESOURCE\CUTINOUTCUSTOM:0000-0003::CUTINOUTCUSTOM2
0:C:\USERS\ANDREW\DESKTOP\STANDARDIZATION TESTING\STANDARDIZATION PHASE 1\CES_MPUOPT_WITHEXP_REV200\CONFIG\RESOURCE\CUTINOUTCUSTOM2:0000-0003::INVCUTINOUTCUSTOM
0:C:\USERS\ANDREW\DESKTOP\STANDARDIZATION TESTING\STANDARDIZATION PHASE 1\CES_MPUOPT_WITHEXP_REV200\CONFIG\RESOURCE\INVCUTINOUTCUSTOM:0000-0003::REALSELECT
0:C:\USERS\ANDREW\DESKTOP\STANDARDIZATION TESTING\STANDARDIZATION PHASE 1\CES_MPUOPT_WITHEXP_REV200\CONFIG\RESOURCE\REALSELECT:0000-0003::REALSELECTINV
0:C:\USERS\ANDREW\DESKTOP\STANDARDIZATION TESTING\STANDARDIZATION PHASE 1\CES_MPUOPT_WITHEXP_REV200\CONFIG\RESOURCE\REALSELECTINV:0000-0003::OUTPUTSELECT
0:C:\USERS\ANDREW\DESKTOP\STANDARDIZATION TESTING\STANDARDIZATION PHASE 1\CES_MPUOPT_WITHEXP_REV200\CONFIG\RESOURCE\OUTPUTSELECT:0000-0003::VARLIMIT
0:C:\USERS\ANDREW\DESKTOP\STANDARDIZATION TESTING\STANDARDIZATION PHASE 1\CES_MPUOPT_WITHEXP_REV200\CONFIG\RESOURCE\VARLIMIT:0000-0003::DEGFTODEGC
0:C:\USERS\ANDREW\DESKTOP\STANDARDIZATION TESTING\STANDARDIZATION PHASE 1\CES_MPUOPT_WITHEXP_REV200\CONFIG\RESOURCE\DEGFTODEGC:0000-0003::DEGCTODEGF
0:C:\USERS\ANDREW\DESKTOP\STANDARDIZATION TESTING\STANDARDIZATION PHASE 1\CES_MPUOPT_WITHEXP_REV200\CONFIG\RESOURCE\DEGCTODEGF:0000-0003::PSI_TO_PASCAL
0:C:\USERS\ANDREW\DESKTOP\STANDARDIZATION TESTING\STANDARDIZATION PHASE 1\CES_MPUOPT_WITHEXP_REV200\CONFIG\RESOURCE\PSI_TO_PASCAL:0000-0003::MIDPOINTCALC
0:C:\USERS\ANDREW\DESKTOP\STANDARDIZATION TESTING\STANDARDIZATION PHASE 1\CES_MPUOPT_WITHEXP_REV200\CONFIG\RESOURCE\MIDPOINTCALC:0000-0003::REALMIN
0:C:\USERS\ANDREW\DESKTOP\STANDARDIZATION TESTING\STANDARDIZATION PHASE 1\CES_MPUOPT_WITHEXP_REV200\CONFIG\RESOURCE\REALMIN:0000-0003::ALRRECORD
0:C:\USERS\ANDREW\DESKTOP\STANDARDIZATION TESTING\STANDARDIZATION PHASE 1\CES_MPUOPT_WITHEXP_REV200\CONFIG\RESOURCE\ALRRECORD:0000-0003::REALRECORD
0:C:\USERS\ANDREW\DESKTOP\STANDARDIZATION TESTING\STANDARDIZATION PHASE 1\CES_MPUOPT_WITHEXP_REV200\CONFIG\RESOURCE\REALRECORD:0000-0003::BOOLRECORD
0:C:\USERS\ANDREW\DESKTOP\STANDARDIZATION TESTING\STANDARDIZATION PHASE 1\CES_MPUOPT_WITHEXP_REV200\CONFIG\RESOURCE\BOOLRECORD:0000-0003::CES_DEWPT
0:C:\USERS\ANDREW\DESKTOP\STANDARDIZATION TESTING\STANDARDIZATION PHASE 1\CES_MPUOPT_WITHEXP_REV200\CONFIG\RESOURCE\CES_DEWPT:0000-0003::PRERAMPUP
0:C:\USERS\ANDREW\DESKTOP\STANDARDIZATION TESTING\STANDARDIZATION PHASE 1\CES_MPUOPT_WITHEXP_REV200\CONFIG\RESOURCE\PRERAMPUP:0000-0003::DIGITALFILTER
0:C:\USERS\ANDREW\DESKTOP\STANDARDIZATION TESTING\STANDARDIZATION PHASE 1\CES_MPUOPT_WITHEXP_REV200\CONFIG\RESOURCE\DIGITALFILTER:0000-0003::DP_SP_SUCTPRESSCOMP
0:C:\USERS\ANDREW\DESKTOP\STANDARDIZATION TESTING\STANDARDIZATION PHASE 1\CES_MPUOPT_WITHEXP_REV200\CONFIG\RESOURCE\DP_SP_SUCTPRESSCOMP:0000-0003::SUCTIONCONTROL
0:C:\USERS\ANDREW\DESKTOP\STANDARDIZATION TESTING\STANDARDIZATION PHASE 1\CES_MPUOPT_WITHEXP_REV200\CONFIG\RESOURCE\SUCTIONCONTROL:0000-0003::SETPOINTCOMPARE
0:C:\USERS\ANDREW\DESKTOP\STANDARDIZATION TESTING\STANDARDIZATION PHASE 1\CES_MPUOPT_WITHEXP_REV200\CONFIG\RESOURCE\SETPOINTCOMPARE:0000-0003::COMPCAPACITY
0:C:\USERS\ANDREW\DESKTOP\STANDARDIZATION TESTING\STANDARDIZATION PHASE 1\CES_MPUOPT_WITHEXP_REV200\CONFIG\RESOURCE\COMPCAPACITY:0000-0003::OADAMPER
0:C:\USERS\ANDREW\DESKTOP\STANDARDIZATION TESTING\STANDARDIZATION PHASE 1\CES_MPUOPT_WITHEXP_REV200\CONFIG\RESOURCE\OADAMPER:0000-0003::BAD_ROC
0:C:\USERS\ANDREW\DESKTOP\STANDARDIZATION TESTING\STANDARDIZATION PHASE 1\CES_MPUOPT_WITHEXP_REV200\CONFIG\RESOURCE\BAD_ROC:0000-0003::RAD_ROC
0:C:\USERS\ANDREW\DESKTOP\STANDARDIZATION TESTING\STANDARDIZATION PHASE 1\CES_MPUOPT_WITHEXP_REV200\CONFIG\RESOURCE\RAD_ROC:0000-0003::EXHFANCALC
0:C:\USERS\ANDREW\DESKTOP\STANDARDIZATION TESTING\STANDARDIZATION PHASE 1\CES_MPUOPT_WITHEXP_REV200\CONFIG\RESOURCE\EXHFANCALC:0000-0003::SUPPLYTEMPSP
0:C:\USERS\ANDREW\DESKTOP\STANDARDIZATION TESTING\STANDARDIZATION PHASE 1\CES_MPUOPT_WITHEXP_REV200\CONFIG\RESOURCE\SUPPLYTEMPSP:0000-0003::SUPPLYTEMPFILTER
0:C:\USERS\ANDREW\DESKTOP\STANDARDIZATION TESTING\STANDARDIZATION PHASE 1\CES_MPUOPT_WITHEXP_REV200\CONFIG\RESOURCE\SUPPLYTEMPFILTER:0000-0003::HEATINGCONTROL
0:C:\USERS\ANDREW\DESKTOP\STANDARDIZATION TESTING\STANDARDIZATION PHASE 1\CES_MPUOPT_WITHEXP_REV200\CONFIG\RESOURCE\HEATINGCONTROL:0000-0003::HEATCAPACITYCALC
0:C:\USERS\ANDREW\DESKTOP\STANDARDIZATION TESTING\STANDARDIZATION PHASE 1\CES_MPUOPT_WITHEXP_REV200\CONFIG\RESOURCE\HEATCAPACITYCALC:0000-0003::MICROCHANNELCOND
0:C:\USERS\ANDREW\DESKTOP\STANDARDIZATION TESTING\STANDARDIZATION PHASE 1\CES_MPUOPT_WITHEXP_REV200\CONFIG\RESOURCE\MICROCHANNELCOND:0000-0003::VAVDAMPERCONTROL
0:C:\USERS\ANDREW\DESKTOP\STANDARDIZATION TESTING\STANDARDIZATION PHASE 1\CES_MPUOPT_WITHEXP_REV200\CONFIG\RESOURCE\VAVDAMPERCONTROL:0000-0003::VAVDAMPERSET
0:C:\USERS\ANDREW\DESKTOP\STANDARDIZATION TESTING\STANDARDIZATION PHASE 1\CES_MPUOPT_WITHEXP_REV200\CONFIG\RESOURCE\VAVDAMPERSET:0000-0003::VAVMODHEATCONTROL
0:C:\USERS\ANDREW\DESKTOP\STANDARDIZATION TESTING\STANDARDIZATION PHASE 1\CES_MPUOPT_WITHEXP_REV200\CONFIG\RESOURCE\VAVMODHEATCONTROL:0000-0003::EVENTCNT ( -> GFL_2009112300_52204 )
0:C:\USERS\ANDREW\DESKTOP\IPRO TOOLS\IPRO-TOOLS_110919\1.0 ISAGRAF\1.5 LIBRARY\GFL_2009112300_52204\CONFIG1\RESOURCE1\EVENTCNT:0000-0003::AVERAGECALCULATOR ( -> GFL_2009112300_52204 )
0:C:\USERS\ANDREW\DESKTOP\IPRO TOOLS\IPRO-TOOLS_110919\1.0 ISAGRAF\1.5 LIBRARY\GFL_2009112300_52204\CONFIG1\RESOURCE1\AVERAGECALCULATOR:0000-0003::TIMECHECKER ( -> GFL_2009112300_52204 )
0:C:\USERS\ANDREW\DESKTOP\IPRO TOOLS\IPRO-TOOLS_110919\1.0 ISAGRAF\1.5 LIBRARY\GFL_2009112300_52204\CONFIG1\RESOURCE1\TIMECHECKER:0000-0003::TEMPCONVOUT
0:C:\USERS\ANDREW\DESKTOP\STANDARDIZATION TESTING\STANDARDIZATION PHASE 1\CES_MPUOPT_WITHEXP_REV200\CONFIG\RESOURCE\TEMPCONVOUT:0000-0003::AFDDACTIVETRIGGER
0:C:\USERS\ANDREW\DESKTOP\STANDARDIZATION TESTING\STANDARDIZATION PHASE 1\CES_MPUOPT_WITHEXP_REV200\CONFIG\RESOURCE\AFDDACTIVETRIGGER:0000-0003::REHEATRECLAIMALARM
0:C:\USERS\ANDREW\DESKTOP\STANDARDIZATION TESTING\STANDARDIZATION PHASE 1\CES_MPUOPT_WITHEXP_REV200\CONFIG\RESOURCE\REHEATRECLAIMALARM:0000-0003::SP_SELECTOR
0:C:\USERS\ANDREW\DESKTOP\STANDARDIZATION TESTING\STANDARDIZATION PHASE 1\CES_MPUOPT_WITHEXP_REV200\CONFIG\RESOURCE\SP_SELECTOR:0000-0003::HEATALARMTEST
0:C:\USERS\ANDREW\DESKTOP\STANDARDIZATION TESTING\STANDARDIZATION PHASE 1\CES_MPUOPT_WITHEXP_REV200\CONFIG\RESOURCE\HEATALARMTEST:0000-0003::TEMPCONVIN
0:C:\USERS\ANDREW\DESKTOP\STANDARDIZATION TESTING\STANDARDIZATION PHASE 1\CES_MPUOPT_WITHEXP_REV200\CONFIG\RESOURCE\TEMPCONVIN:0000-0003::UNITANDCOMPDISABLE2
0:C:\USERS\ANDREW\DESKTOP\STANDARDIZATION TESTING\STANDARDIZATION PHASE 1\CES_MPUOPT_WITHEXP_REV200\CONFIG\RESOURCE\UNITANDCOMPDISABLE2:0000-0003::BMS_ONLINE_CHECK
0:C:\USERS\ANDREW\DESKTOP\STANDARDIZATION TESTING\STANDARDIZATION PHASE 1\CES_MPUOPT_WITHEXP_REV200\CONFIG\RESOURCE\BMS_ONLINE_CHECK:0000-0003::SETPARAMETERS
0:C:\USERS\ANDREW\DESKTOP\STANDARDIZATION TESTING\STANDARDIZATION PHASE 1\CES_MPUOPT_WITHEXP_REV200\CONFIG\RESOURCE\SETPARAMETERS:0000-0003::MANAGEOVERRIDES
0:C:\USERS\ANDREW\DESKTOP\STANDARDIZATION TESTING\STANDARDIZATION PHASE 1\CES_MPUOPT_WITHEXP_REV200\CONFIG\RESOURCE\MANAGEOVERRIDES:0000-0003::REALTIMECLOCK
0:C:\USERS\ANDREW\DESKTOP\STANDARDIZATION TESTING\STANDARDIZATION PHASE 1\CES_MPUOPT_WITHEXP_REV200\CONFIG\RESOURCE\REALTIMECLOCK:0000-0003::SETCLOCK
0:C:\USERS\ANDREW\DESKTOP\STANDARDIZATION TESTING\STANDARDIZATION PHASE 1\CES_MPUOPT_WITHEXP_REV200\CONFIG\RESOURCE\SETCLOCK:0000-0003::SETOCCVARS
0:C:\USERS\ANDREW\DESKTOP\STANDARDIZATION TESTING\STANDARDIZATION PHASE 1\CES_MPUOPT_WITHEXP_REV200\CONFIG\RESOURCE\SETOCCVARS:0000-0003::CONVERTPHYSAI
0:C:\USERS\ANDREW\DESKTOP\STANDARDIZATION TESTING\STANDARDIZATION PHASE 1\CES_MPUOPT_WITHEXP_REV200\CONFIG\RESOURCE\CONVERTPHYSAI:0000-0003::READDIGINPUTS
0:C:\USERS\ANDREW\DESKTOP\STANDARDIZATION TESTING\STANDARDIZATION PHASE 1\CES_MPUOPT_WITHEXP_REV200\CONFIG\RESOURCE\READDIGINPUTS:0000-0003::SETPOINTS
0:C:\USERS\ANDREW\DESKTOP\STANDARDIZATION TESTING\STANDARDIZATION PHASE 1\CES_MPUOPT_WITHEXP_REV200\CONFIG\RESOURCE\SETPOINTS:0000-0003::VARIABLEDISPLAYCONV
0:C:\USERS\ANDREW\DESKTOP\STANDARDIZATION TESTING\STANDARDIZATION PHASE 1\CES_MPUOPT_WITHEXP_REV200\CONFIG\RESOURCE\VARIABLEDISPLAYCONV:0000-0003::CONTROLTEMP_SPCHECK
0:C:\USERS\ANDREW\DESKTOP\STANDARDIZATION TESTING\STANDARDIZATION PHASE 1\CES_MPUOPT_WITHEXP_REV200\CONFIG\RESOURCE\CONTROLTEMP_SPCHECK:0000-0003::TESTMODES
0:C:\USERS\ANDREW\DESKTOP\STANDARDIZATION TESTING\STANDARDIZATION PHASE 1\CES_MPUOPT_WITHEXP_REV200\CONFIG\RESOURCE\TESTMODES:0000-0003::CALCULATEDEWPOINTS
0:C:\USERS\ANDREW\DESKTOP\STANDARDIZATION TESTING\STANDARDIZATION PHASE 1\CES_MPUOPT_WITHEXP_REV200\CONFIG\RESOURCE\CALCULATEDEWPOINTS:0000-0003::FANOPERATION
0:C:\USERS\ANDREW\DESKTOP\STANDARDIZATION TESTING\STANDARDIZATION PHASE 1\CES_MPUOPT_WITHEXP_REV200\CONFIG\RESOURCE\FANOPERATION:0000-0003::SETOPMODE
0:C:\USERS\ANDREW\DESKTOP\STANDARDIZATION TESTING\STANDARDIZATION PHASE 1\CES_MPUOPT_WITHEXP_REV200\CONFIG\RESOURCE\SETOPMODE:0000-0003::PROCESSALARMS
0:C:\USERS\ANDREW\DESKTOP\STANDARDIZATION TESTING\STANDARDIZATION PHASE 1\CES_MPUOPT_WITHEXP_REV200\CONFIG\RESOURCE\PROCESSALARMS:0000-0003::COMPRESSORCONTROL
0:C:\USERS\ANDREW\DESKTOP\STANDARDIZATION TESTING\STANDARDIZATION PHASE 1\CES_MPUOPT_WITHEXP_REV200\CONFIG\RESOURCE\COMPRESSORCONTROL:0000-0003::CONTROLDAMPERS
0:C:\USERS\ANDREW\DESKTOP\STANDARDIZATION TESTING\STANDARDIZATION PHASE 1\CES_MPUOPT_WITHEXP_REV200\CONFIG\RESOURCE\CONTROLDAMPERS:0000-0003::HEATCONTROL
0:C:\USERS\ANDREW\DESKTOP\STANDARDIZATION TESTING\STANDARDIZATION PHASE 1\CES_MPUOPT_WITHEXP_REV200\CONFIG\RESOURCE\HEATCONTROL:0000-0003::CONDCONTROLPROGRAM
0:C:\USERS\ANDREW\DESKTOP\STANDARDIZATION TESTING\STANDARDIZATION PHASE 1\CES_MPUOPT_WITHEXP_REV200\CONFIG\RESOURCE\CONDCONTROLPROGRAM:0000-0003::VAVPROGRAM
0:C:\USERS\ANDREW\DESKTOP\STANDARDIZATION TESTING\STANDARDIZATION PHASE 1\CES_MPUOPT_WITHEXP_REV200\CONFIG\RESOURCE\VAVPROGRAM:0000-0003::VAVCONTROL
0:C:\USERS\ANDREW\DESKTOP\STANDARDIZATION TESTING\STANDARDIZATION PHASE 1\CES_MPUOPT_WITHEXP_REV200\CONFIG\RESOURCE\VAVCONTROL:0000-0003::ERVPROGRAM
0:C:\USERS\ANDREW\DESKTOP\STANDARDIZATION TESTING\STANDARDIZATION PHASE 1\CES_MPUOPT_WITHEXP_REV200\CONFIG\RESOURCE\ERVPROGRAM:0000-0003::AFDD
0:C:\USERS\ANDREW\DESKTOP\STANDARDIZATION TESTING\STANDARDIZATION PHASE 1\CES_MPUOPT_WITHEXP_REV200\CONFIG\RESOURCE\AFDD:0000-0003::UPDATEANALOGOUTPUTS
0:C:\USERS\ANDREW\DESKTOP\STANDARDIZATION TESTING\STANDARDIZATION PHASE 1\CES_MPUOPT_WITHEXP_REV200\CONFIG\RESOURCE\UPDATEANALOGOUTPUTS:0000-0003::UPDATERELAYOUTPUTS
0:C:\USERS\ANDREW\DESKTOP\STANDARDIZATION TESTING\STANDARDIZATION PHASE 1\CES_MPUOPT_WITHEXP_REV200\CONFIG\RESOURCE\UPDATERELAYOUTPUTS:0000-0003::UPDATENETINFO
0:C:\USERS\ANDREW\DESKTOP\STANDARDIZATION TESTING\STANDARDIZATION PHASE 1\CES_MPUOPT_WITHEXP_REV200\CONFIG\RESOURCE\UPDATENETINFO:0000-0003::UPDATEVISVAR
0:C:\USERS\ANDREW\DESKTOP\STANDARDIZATION TESTING\STANDARDIZATION PHASE 1\CES_MPUOPT_WITHEXP_REV200\CONFIG\RESOURCE\UPDATEVISVAR:0000-0003::SETLED
0:C:\USERS\ANDREW\DESKTOP\STANDARDIZATION TESTING\STANDARDIZATION PHASE 1\CES_MPUOPT_WITHEXP_REV200\CONFIG\RESOURCE\SETLED:0000-0003::DATALOG
0:C:\USERS\ANDREW\DESKTOP\STANDARDIZATION TESTING\STANDARDIZATION PHASE 1\CES_MPUOPT_WITHEXP_REV200\CONFIG\RESOURCE\DATALOG:0000-0003::ALARMLOG
0:C:\USERS\ANDREW\DESKTOP\STANDARDIZATION TESTING\STANDARDIZATION PHASE 1\CES_MPUOPT_WITHEXP_REV200\CONFIG\RESOURCE\ALARMLOG:0003-0003::Linking for ARM-TARGET_L
0:C:\USERS\ANDREW\DESKTOP\STANDARDIZATION TESTING\STANDARDIZATION PHASE 1\CES_MPUOPT_WITHEXP_REV200\CONFIG\RESOURCE\ALARMLOG:0002-0003::RESOURCE:    0 error(s), 0 warning(s)
0:C:\USERS\ANDREW\DESKTOP\STANDARDIZATION TESTING\STANDARDIZATION PHASE 1\CES_MPUOPT_WITHEXP_REV200\CONFIG\RESOURCE\ALARMLOG:0001-0003::Compiling for SIMULATOR
0:C:\USERS\ANDREW\DESKTOP\STANDARDIZATION TESTING\STANDARDIZATION PHASE 1\CES_MPUOPT_WITHEXP_REV200\CONFIG\RESOURCE\ALARMLOG:0000-0003::AI_CO2CONVERT
0:C:\USERS\ANDREW\DESKTOP\STANDARDIZATION TESTING\STANDARDIZATION PHASE 1\CES_MPUOPT_WITHEXP_REV200\CONFIG\RESOURCE\AI_CO2CONVERT:0000-0003::AI_HUMCONVERT
0:C:\USERS\ANDREW\DESKTOP\STANDARDIZATION TESTING\STANDARDIZATION PHASE 1\CES_MPUOPT_WITHEXP_REV200\CONFIG\RESOURCE\AI_HUMCONVERT:0000-0003::AI_PRESSCONVERT
0:C:\USERS\ANDREW\DESKTOP\STANDARDIZATION TESTING\STANDARDIZATION PHASE 1\CES_MPUOPT_WITHEXP_REV200\CONFIG\RESOURCE\AI_PRESSCONVERT:0000-0003::AI_TEMPCONVERT
0:C:\USERS\ANDREW\DESKTOP\STANDARDIZATION TESTING\STANDARDIZATION PHASE 1\CES_MPUOPT_WITHEXP_REV200\CONFIG\RESOURCE\AI_TEMPCONVERT:0000-0003::AI_DEWPTCONVERT
0:C:\USERS\ANDREW\DESKTOP\STANDARDIZATION TESTING\STANDARDIZATION PHASE 1\CES_MPUOPT_WITHEXP_REV200\CONFIG\RESOURCE\AI_DEWPTCONVERT:0000-0003::AI_TEMPCONVERT_EXP
0:C:\USERS\ANDREW\DESKTOP\STANDARDIZATION TESTING\STANDARDIZATION PHASE 1\CES_MPUOPT_WITHEXP_REV200\CONFIG\RESOURCE\AI_TEMPCONVERT_EXP:0000-0003::AI_PRESSCONVERT_EXP
0:C:\USERS\ANDREW\DESKTOP\STANDARDIZATION TESTING\STANDARDIZATION PHASE 1\CES_MPUOPT_WITHEXP_REV200\CONFIG\RESOURCE\AI_PRESSCONVERT_EXP:0000-0003::AI_HUMCONVERT_EXP
0:C:\USERS\ANDREW\DESKTOP\STANDARDIZATION TESTING\STANDARDIZATION PHASE 1\CES_MPUOPT_WITHEXP_REV200\CONFIG\RESOURCE\AI_HUMCONVERT_EXP:0000-0003::AI_DEWPTCONVERT_EXP
0:C:\USERS\ANDREW\DESKTOP\STANDARDIZATION TESTING\STANDARDIZATION PHASE 1\CES_MPUOPT_WITHEXP_REV200\CONFIG\RESOURCE\AI_DEWPTCONVERT_EXP:0000-0003::AI_CO2CONVERT_EXP
0:C:\USERS\ANDREW\DESKTOP\STANDARDIZATION TESTING\STANDARDIZATION PHASE 1\CES_MPUOPT_WITHEXP_REV200\CONFIG\RESOURCE\AI_CO2CONVERT_EXP:0000-0003::AI_CURRENTCONVERT_EXP
0:C:\USERS\ANDREW\DESKTOP\STANDARDIZATION TESTING\STANDARDIZATION PHASE 1\CES_MPUOPT_WITHEXP_REV200\CONFIG\RESOURCE\AI_CURRENTCONVERT_EXP:0000-0003::AO_DIGCOMPCONV
0:C:\USERS\ANDREW\DESKTOP\STANDARDIZATION TESTING\STANDARDIZATION PHASE 1\CES_MPUOPT_WITHEXP_REV200\CONFIG\RESOURCE\AO_DIGCOMPCONV:0000-0003::AO_OADCONV
0:C:\USERS\ANDREW\DESKTOP\STANDARDIZATION TESTING\STANDARDIZATION PHASE 1\CES_MPUOPT_WITHEXP_REV200\CONFIG\RESOURCE\AO_OADCONV:0000-0003::AO_RADANDBADCONV
0:C:\USERS\ANDREW\DESKTOP\STANDARDIZATION TESTING\STANDARDIZATION PHASE 1\CES_MPUOPT_WITHEXP_REV200\CONFIG\RESOURCE\AO_RADANDBADCONV:0000-0003::AO_SUPPLYFANCONVERT
0:C:\USERS\ANDREW\DESKTOP\STANDARDIZATION TESTING\STANDARDIZATION PHASE 1\CES_MPUOPT_WITHEXP_REV200\CONFIG\RESOURCE\AO_SUPPLYFANCONVERT:0000-0003::BOOLSELECT
0:C:\USERS\ANDREW\DESKTOP\STANDARDIZATION TESTING\STANDARDIZATION PHASE 1\CES_MPUOPT_WITHEXP_REV200\CONFIG\RESOURCE\BOOLSELECT:0000-0003::BOOLSELECTINV
0:C:\USERS\ANDREW\DESKTOP\STANDARDIZATION TESTING\STANDARDIZATION PHASE 1\CES_MPUOPT_WITHEXP_REV200\CONFIG\RESOURCE\BOOLSELECTINV:0000-0003::CUTINOUTCUSTOM
0:C:\USERS\ANDREW\DESKTOP\STANDARDIZATION TESTING\STANDARDIZATION PHASE 1\CES_MPUOPT_WITHEXP_REV200\CONFIG\RESOURCE\CUTINOUTCUSTOM:0000-0003::CUTINOUTCUSTOM2
0:C:\USERS\ANDREW\DESKTOP\STANDARDIZATION TESTING\STANDARDIZATION PHASE 1\CES_MPUOPT_WITHEXP_REV200\CONFIG\RESOURCE\CUTINOUTCUSTOM2:0000-0003::INVCUTINOUTCUSTOM
0:C:\USERS\ANDREW\DESKTOP\STANDARDIZATION TESTING\STANDARDIZATION PHASE 1\CES_MPUOPT_WITHEXP_REV200\CONFIG\RESOURCE\INVCUTINOUTCUSTOM:0000-0003::REALSELECT
0:C:\USERS\ANDREW\DESKTOP\STANDARDIZATION TESTING\STANDARDIZATION PHASE 1\CES_MPUOPT_WITHEXP_REV200\CONFIG\RESOURCE\REALSELECT:0000-0003::REALSELECTINV
0:C:\USERS\ANDREW\DESKTOP\STANDARDIZATION TESTING\STANDARDIZATION PHASE 1\CES_MPUOPT_WITHEXP_REV200\CONFIG\RESOURCE\REALSELECTINV:0000-0003::OUTPUTSELECT
0:C:\USERS\ANDREW\DESKTOP\STANDARDIZATION TESTING\STANDARDIZATION PHASE 1\CES_MPUOPT_WITHEXP_REV200\CONFIG\RESOURCE\OUTPUTSELECT:0000-0003::VARLIMIT
0:C:\USERS\ANDREW\DESKTOP\STANDARDIZATION TESTING\STANDARDIZATION PHASE 1\CES_MPUOPT_WITHEXP_REV200\CONFIG\RESOURCE\VARLIMIT:0000-0003::DEGFTODEGC
0:C:\USERS\ANDREW\DESKTOP\STANDARDIZATION TESTING\STANDARDIZATION PHASE 1\CES_MPUOPT_WITHEXP_REV200\CONFIG\RESOURCE\DEGFTODEGC:0000-0003::DEGCTODEGF
0:C:\USERS\ANDREW\DESKTOP\STANDARDIZATION TESTING\STANDARDIZATION PHASE 1\CES_MPUOPT_WITHEXP_REV200\CONFIG\RESOURCE\DEGCTODEGF:0000-0003::PSI_TO_PASCAL
0:C:\USERS\ANDREW\DESKTOP\STANDARDIZATION TESTING\STANDARDIZATION PHASE 1\CES_MPUOPT_WITHEXP_REV200\CONFIG\RESOURCE\PSI_TO_PASCAL:0000-0003::MIDPOINTCALC
0:C:\USERS\ANDREW\DESKTOP\STANDARDIZATION TESTING\STANDARDIZATION PHASE 1\CES_MPUOPT_WITHEXP_REV200\CONFIG\RESOURCE\MIDPOINTCALC:0000-0003::REALMIN
0:C:\USERS\ANDREW\DESKTOP\STANDARDIZATION TESTING\STANDARDIZATION PHASE 1\CES_MPUOPT_WITHEXP_REV200\CONFIG\RESOURCE\REALMIN:0000-0003::ALRRECORD
0:C:\USERS\ANDREW\DESKTOP\STANDARDIZATION TESTING\STANDARDIZATION PHASE 1\CES_MPUOPT_WITHEXP_REV200\CONFIG\RESOURCE\ALRRECORD:0000-0003::REALRECORD
0:C:\USERS\ANDREW\DESKTOP\STANDARDIZATION TESTING\STANDARDIZATION PHASE 1\CES_MPUOPT_WITHEXP_REV200\CONFIG\RESOURCE\REALRECORD:0000-0003::BOOLRECORD
0:C:\USERS\ANDREW\DESKTOP\STANDARDIZATION TESTING\STANDARDIZATION PHASE 1\CES_MPUOPT_WITHEXP_REV200\CONFIG\RESOURCE\BOOLRECORD:0000-0003::CES_DEWPT
0:C:\USERS\ANDREW\DESKTOP\STANDARDIZATION TESTING\STANDARDIZATION PHASE 1\CES_MPUOPT_WITHEXP_REV200\CONFIG\RESOURCE\CES_DEWPT:0000-0003::PRERAMPUP
0:C:\USERS\ANDREW\DESKTOP\STANDARDIZATION TESTING\STANDARDIZATION PHASE 1\CES_MPUOPT_WITHEXP_REV200\CONFIG\RESOURCE\PRERAMPUP:0000-0003::DIGITALFILTER
0:C:\USERS\ANDREW\DESKTOP\STANDARDIZATION TESTING\STANDARDIZATION PHASE 1\CES_MPUOPT_WITHEXP_REV200\CONFIG\RESOURCE\DIGITALFILTER:0000-0003::DP_SP_SUCTPRESSCOMP
0:C:\USERS\ANDREW\DESKTOP\STANDARDIZATION TESTING\STANDARDIZATION PHASE 1\CES_MPUOPT_WITHEXP_REV200\CONFIG\RESOURCE\DP_SP_SUCTPRESSCOMP:0000-0003::SUCTIONCONTROL
0:C:\USERS\ANDREW\DESKTOP\STANDARDIZATION TESTING\STANDARDIZATION PHASE 1\CES_MPUOPT_WITHEXP_REV200\CONFIG\RESOURCE\SUCTIONCONTROL:0000-0003::SETPOINTCOMPARE
0:C:\USERS\ANDREW\DESKTOP\STANDARDIZATION TESTING\STANDARDIZATION PHASE 1\CES_MPUOPT_WITHEXP_REV200\CONFIG\RESOURCE\SETPOINTCOMPARE:0000-0003::COMPCAPACITY
0:C:\USERS\ANDREW\DESKTOP\STANDARDIZATION TESTING\STANDARDIZATION PHASE 1\CES_MPUOPT_WITHEXP_REV200\CONFIG\RESOURCE\COMPCAPACITY:0000-0003::OADAMPER
0:C:\USERS\ANDREW\DESKTOP\STANDARDIZATION TESTING\STANDARDIZATION PHASE 1\CES_MPUOPT_WITHEXP_REV200\CONFIG\RESOURCE\OADAMPER:0000-0003::BAD_ROC
0:C:\USERS\ANDREW\DESKTOP\STANDARDIZATION TESTING\STANDARDIZATION PHASE 1\CES_MPUOPT_WITHEXP_REV200\CONFIG\RESOURCE\BAD_ROC:0000-0003::RAD_ROC
0:C:\USERS\ANDREW\DESKTOP\STANDARDIZATION TESTING\STANDARDIZATION PHASE 1\CES_MPUOPT_WITHEXP_REV200\CONFIG\RESOURCE\RAD_ROC:0000-0003::EXHFANCALC
0:C:\USERS\ANDREW\DESKTOP\STANDARDIZATION TESTING\STANDARDIZATION PHASE 1\CES_MPUOPT_WITHEXP_REV200\CONFIG\RESOURCE\EXHFANCALC:0000-0003::SUPPLYTEMPSP
0:C:\USERS\ANDREW\DESKTOP\STANDARDIZATION TESTING\STANDARDIZATION PHASE 1\CES_MPUOPT_WITHEXP_REV200\CONFIG\RESOURCE\SUPPLYTEMPSP:0000-0003::SUPPLYTEMPFILTER
0:C:\USERS\ANDREW\DESKTOP\STANDARDIZATION TESTING\STANDARDIZATION PHASE 1\CES_MPUOPT_WITHEXP_REV200\CONFIG\RESOURCE\SUPPLYTEMPFILTER:0000-0003::HEATINGCONTROL
0:C:\USERS\ANDREW\DESKTOP\STANDARDIZATION TESTING\STANDARDIZATION PHASE 1\CES_MPUOPT_WITHEXP_REV200\CONFIG\RESOURCE\HEATINGCONTROL:0000-0003::HEATCAPACITYCALC
0:C:\USERS\ANDREW\DESKTOP\STANDARDIZATION TESTING\STANDARDIZATION PHASE 1\CES_MPUOPT_WITHEXP_REV200\CONFIG\RESOURCE\HEATCAPACITYCALC:0000-0003::MICROCHANNELCOND
0:C:\USERS\ANDREW\DESKTOP\STANDARDIZATION TESTING\STANDARDIZATION PHASE 1\CES_MPUOPT_WITHEXP_REV200\CONFIG\RESOURCE\MICROCHANNELCOND:0000-0003::VAVDAMPERCONTROL
0:C:\USERS\ANDREW\DESKTOP\STANDARDIZATION TESTING\STANDARDIZATION PHASE 1\CES_MPUOPT_WITHEXP_REV200\CONFIG\RESOURCE\VAVDAMPERCONTROL:0000-0003::VAVDAMPERSET
0:C:\USERS\ANDREW\DESKTOP\STANDARDIZATION TESTING\STANDARDIZATION PHASE 1\CES_MPUOPT_WITHEXP_REV200\CONFIG\RESOURCE\VAVDAMPERSET:0000-0003::VAVMODHEATCONTROL
0:C:\USERS\ANDREW\DESKTOP\STANDARDIZATION TESTING\STANDARDIZATION PHASE 1\CES_MPUOPT_WITHEXP_REV200\CONFIG\RESOURCE\VAVMODHEATCONTROL:0000-0003::EVENTCNT ( -> GFL_2009112300_52204 )
0:C:\USERS\ANDREW\DESKTOP\IPRO TOOLS\IPRO-TOOLS_110919\1.0 ISAGRAF\1.5 LIBRARY\GFL_2009112300_52204\CONFIG1\RESOURCE1\EVENTCNT:0000-0003::AVERAGECALCULATOR ( -> GFL_2009112300_52204 )
0:C:\USERS\ANDREW\DESKTOP\IPRO TOOLS\IPRO-TOOLS_110919\1.0 ISAGRAF\1.5 LIBRARY\GFL_2009112300_52204\CONFIG1\RESOURCE1\AVERAGECALCULATOR:0000-0003::TIMECHECKER ( -> GFL_2009112300_52204 )
0:C:\USERS\ANDREW\DESKTOP\IPRO TOOLS\IPRO-TOOLS_110919\1.0 ISAGRAF\1.5 LIBRARY\GFL_2009112300_52204\CONFIG1\RESOURCE1\TIMECHECKER:0000-0003::TEMPCONVOUT
0:C:\USERS\ANDREW\DESKTOP\STANDARDIZATION TESTING\STANDARDIZATION PHASE 1\CES_MPUOPT_WITHEXP_REV200\CONFIG\RESOURCE\TEMPCONVOUT:0000-0003::AFDDACTIVETRIGGER
0:C:\USERS\ANDREW\DESKTOP\STANDARDIZATION TESTING\STANDARDIZATION PHASE 1\CES_MPUOPT_WITHEXP_REV200\CONFIG\RESOURCE\AFDDACTIVETRIGGER:0000-0003::REHEATRECLAIMALARM
0:C:\USERS\ANDREW\DESKTOP\STANDARDIZATION TESTING\STANDARDIZATION PHASE 1\CES_MPUOPT_WITHEXP_REV200\CONFIG\RESOURCE\REHEATRECLAIMALARM:0000-0003::SP_SELECTOR
0:C:\USERS\ANDREW\DESKTOP\STANDARDIZATION TESTING\STANDARDIZATION PHASE 1\CES_MPUOPT_WITHEXP_REV200\CONFIG\RESOURCE\SP_SELECTOR:0000-0003::HEATALARMTEST
0:C:\USERS\ANDREW\DESKTOP\STANDARDIZATION TESTING\STANDARDIZATION PHASE 1\CES_MPUOPT_WITHEXP_REV200\CONFIG\RESOURCE\HEATALARMTEST:0000-0003::TEMPCONVIN
0:C:\USERS\ANDREW\DESKTOP\STANDARDIZATION TESTING\STANDARDIZATION PHASE 1\CES_MPUOPT_WITHEXP_REV200\CONFIG\RESOURCE\TEMPCONVIN:0000-0003::UNITANDCOMPDISABLE2
0:C:\USERS\ANDREW\DESKTOP\STANDARDIZATION TESTING\STANDARDIZATION PHASE 1\CES_MPUOPT_WITHEXP_REV200\CONFIG\RESOURCE\UNITANDCOMPDISABLE2:0000-0003::BMS_ONLINE_CHECK
0:C:\USERS\ANDREW\DESKTOP\STANDARDIZATION TESTING\STANDARDIZATION PHASE 1\CES_MPUOPT_WITHEXP_REV200\CONFIG\RESOURCE\BMS_ONLINE_CHECK:0000-0003::SETPARAMETERS
0:C:\USERS\ANDREW\DESKTOP\STANDARDIZATION TESTING\STANDARDIZATION PHASE 1\CES_MPUOPT_WITHEXP_REV200\CONFIG\RESOURCE\SETPARAMETERS:0000-0003::MANAGEOVERRIDES
0:C:\USERS\ANDREW\DESKTOP\STANDARDIZATION TESTING\STANDARDIZATION PHASE 1\CES_MPUOPT_WITHEXP_REV200\CONFIG\RESOURCE\MANAGEOVERRIDES:0000-0003::REALTIMECLOCK
0:C:\USERS\ANDREW\DESKTOP\STANDARDIZATION TESTING\STANDARDIZATION PHASE 1\CES_MPUOPT_WITHEXP_REV200\CONFIG\RESOURCE\REALTIMECLOCK:0000-0003::SETCLOCK
0:C:\USERS\ANDREW\DESKTOP\STANDARDIZATION TESTING\STANDARDIZATION PHASE 1\CES_MPUOPT_WITHEXP_REV200\CONFIG\RESOURCE\SETCLOCK:0000-0003::SETOCCVARS
0:C:\USERS\ANDREW\DESKTOP\STANDARDIZATION TESTING\STANDARDIZATION PHASE 1\CES_MPUOPT_WITHEXP_REV200\CONFIG\RESOURCE\SETOCCVARS:0000-0003::CONVERTPHYSAI
0:C:\USERS\ANDREW\DESKTOP\STANDARDIZATION TESTING\STANDARDIZATION PHASE 1\CES_MPUOPT_WITHEXP_REV200\CONFIG\RESOURCE\CONVERTPHYSAI:0000-0003::READDIGINPUTS
0:C:\USERS\ANDREW\DESKTOP\STANDARDIZATION TESTING\STANDARDIZATION PHASE 1\CES_MPUOPT_WITHEXP_REV200\CONFIG\RESOURCE\READDIGINPUTS:0000-0003::SETPOINTS
0:C:\USERS\ANDREW\DESKTOP\STANDARDIZATION TESTING\STANDARDIZATION PHASE 1\CES_MPUOPT_WITHEXP_REV200\CONFIG\RESOURCE\SETPOINTS:0000-0003::VARIABLEDISPLAYCONV
0:C:\USERS\ANDREW\DESKTOP\STANDARDIZATION TESTING\STANDARDIZATION PHASE 1\CES_MPUOPT_WITHEXP_REV200\CONFIG\RESOURCE\VARIABLEDISPLAYCONV:0000-0003::CONTROLTEMP_SPCHECK
0:C:\USERS\ANDREW\DESKTOP\STANDARDIZATION TESTING\STANDARDIZATION PHASE 1\CES_MPUOPT_WITHEXP_REV200\CONFIG\RESOURCE\CONTROLTEMP_SPCHECK:0000-0003::TESTMODES
0:C:\USERS\ANDREW\DESKTOP\STANDARDIZATION TESTING\STANDARDIZATION PHASE 1\CES_MPUOPT_WITHEXP_REV200\CONFIG\RESOURCE\TESTMODES:0000-0003::CALCULATEDEWPOINTS
0:C:\USERS\ANDREW\DESKTOP\STANDARDIZATION TESTING\STANDARDIZATION PHASE 1\CES_MPUOPT_WITHEXP_REV200\CONFIG\RESOURCE\CALCULATEDEWPOINTS:0000-0003::FANOPERATION
0:C:\USERS\ANDREW\DESKTOP\STANDARDIZATION TESTING\STANDARDIZATION PHASE 1\CES_MPUOPT_WITHEXP_REV200\CONFIG\RESOURCE\FANOPERATION:0000-0003::SETOPMODE
0:C:\USERS\ANDREW\DESKTOP\STANDARDIZATION TESTING\STANDARDIZATION PHASE 1\CES_MPUOPT_WITHEXP_REV200\CONFIG\RESOURCE\SETOPMODE:0000-0003::PROCESSALARMS
0:C:\USERS\ANDREW\DESKTOP\STANDARDIZATION TESTING\STANDARDIZATION PHASE 1\CES_MPUOPT_WITHEXP_REV200\CONFIG\RESOURCE\PROCESSALARMS:0000-0003::COMPRESSORCONTROL
0:C:\USERS\ANDREW\DESKTOP\STANDARDIZATION TESTING\STANDARDIZATION PHASE 1\CES_MPUOPT_WITHEXP_REV200\CONFIG\RESOURCE\COMPRESSORCONTROL:0000-0003::CONTROLDAMPERS
0:C:\USERS\ANDREW\DESKTOP\STANDARDIZATION TESTING\STANDARDIZATION PHASE 1\CES_MPUOPT_WITHEXP_REV200\CONFIG\RESOURCE\CONTROLDAMPERS:0000-0003::HEATCONTROL
0:C:\USERS\ANDREW\DESKTOP\STANDARDIZATION TESTING\STANDARDIZATION PHASE 1\CES_MPUOPT_WITHEXP_REV200\CONFIG\RESOURCE\HEATCONTROL:0000-0003::CONDCONTROLPROGRAM
0:C:\USERS\ANDREW\DESKTOP\STANDARDIZATION TESTING\STANDARDIZATION PHASE 1\CES_MPUOPT_WITHEXP_REV200\CONFIG\RESOURCE\CONDCONTROLPROGRAM:0000-0003::VAVPROGRAM
0:C:\USERS\ANDREW\DESKTOP\STANDARDIZATION TESTING\STANDARDIZATION PHASE 1\CES_MPUOPT_WITHEXP_REV200\CONFIG\RESOURCE\VAVPROGRAM:0000-0003::VAVCONTROL
0:C:\USERS\ANDREW\DESKTOP\STANDARDIZATION TESTING\STANDARDIZATION PHASE 1\CES_MPUOPT_WITHEXP_REV200\CONFIG\RESOURCE\VAVCONTROL:0000-0003::ERVPROGRAM
0:C:\USERS\ANDREW\DESKTOP\STANDARDIZATION TESTING\STANDARDIZATION PHASE 1\CES_MPUOPT_WITHEXP_REV200\CONFIG\RESOURCE\ERVPROGRAM:0000-0003::AFDD
0:C:\USERS\ANDREW\DESKTOP\STANDARDIZATION TESTING\STANDARDIZATION PHASE 1\CES_MPUOPT_WITHEXP_REV200\CONFIG\RESOURCE\AFDD:0000-0003::UPDATEANALOGOUTPUTS
0:C:\USERS\ANDREW\DESKTOP\STANDARDIZATION TESTING\STANDARDIZATION PHASE 1\CES_MPUOPT_WITHEXP_REV200\CONFIG\RESOURCE\UPDATEANALOGOUTPUTS:0000-0003::UPDATERELAYOUTPUTS
0:C:\USERS\ANDREW\DESKTOP\STANDARDIZATION TESTING\STANDARDIZATION PHASE 1\CES_MPUOPT_WITHEXP_REV200\CONFIG\RESOURCE\UPDATERELAYOUTPUTS:0000-0003::UPDATENETINFO
0:C:\USERS\ANDREW\DESKTOP\STANDARDIZATION TESTING\STANDARDIZATION PHASE 1\CES_MPUOPT_WITHEXP_REV200\CONFIG\RESOURCE\UPDATENETINFO:0000-0003::UPDATEVISVAR
0:C:\USERS\ANDREW\DESKTOP\STANDARDIZATION TESTING\STANDARDIZATION PHASE 1\CES_MPUOPT_WITHEXP_REV200\CONFIG\RESOURCE\UPDATEVISVAR:0000-0003::SETLED
0:C:\USERS\ANDREW\DESKTOP\STANDARDIZATION TESTING\STANDARDIZATION PHASE 1\CES_MPUOPT_WITHEXP_REV200\CONFIG\RESOURCE\SETLED:0000-0003::DATALOG
0:C:\USERS\ANDREW\DESKTOP\STANDARDIZATION TESTING\STANDARDIZATION PHASE 1\CES_MPUOPT_WITHEXP_REV200\CONFIG\RESOURCE\DATALOG:0000-0003::ALARMLOG
0:C:\USERS\ANDREW\DESKTOP\STANDARDIZATION TESTING\STANDARDIZATION PHASE 1\CES_MPUOPT_WITHEXP_REV200\CONFIG\RESOURCE\ALARMLOG:0003-0003::Linking for SIMULATOR
0:C:\USERS\ANDREW\DESKTOP\STANDARDIZATION TESTING\STANDARDIZATION PHASE 1\CES_MPUOPT_WITHEXP_REV200\CONFIG\RESOURCE\ALARMLOG:0002-0003::RESOURCE:    0 error(s), 0 warning(s)
